#
# A fatal error has been detected by the Java Runtime Environment:
#
#  EXCEPTION_ACCESS_VIOLATION (0xc0000005) at pc=0x000007fee0d5e9ae, pid=11388, tid=10512
#
# JRE version: 7.0_02-b13
# Java VM: Java HotSpot(TM) 64-Bit Server VM (22.0-b10 mixed mode windows-amd64 compressed oops)
# Problematic frame:
# C  [ieframe.dll+0x1fe9ae]
#
# Failed to write core dump. Minidumps are not enabled by default on client versions of Windows
#
# If you would like to submit a bug report, please visit:
#   http://bugreport.sun.com/bugreport/crash.jsp
# The crash happened outside the Java Virtual Machine in native code.
# See problematic frame for where to report the bug.
#

---------------  T H R E A D  ---------------

Current thread (0x000000000215b000):  JavaThread "main" [_thread_in_native, id=10512, stack(0x0000000002350000,0x0000000002450000)]

siginfo: ExceptionCode=0xc0000005, reading address 0x0000000000000288

Registers:
RAX=0x0000000000000000, RBX=0x0000000000000000, RCX=0x0000000000000000, RDX=0x0000000000495700
RSP=0x000000000244ec90, RBP=0x0000000000000000, RSI=0x000000000244ed80, RDI=0x000000000048a048
R8 =0x000004cd000e0001, R9 =0x000004ce00460002, R10=0x0000000000000000, R11=0x000007fee220efd0
R12=0x0000000000451516, R13=0x0000000000000005, R14=0x000000000244ee98, R15=0x000000000215b000
RIP=0x000007fee0d5e9ae, EFLAGS=0x0000000000010246

Top of Stack: (sp=0x000000000244ec90)
0x000000000244ec90:   000000008000ffff 0000000080004005
0x000000000244eca0:   000000000244ed80 000000000215f760
0x000000000244ecb0:   000000000ebf4610 000007fee0db9a8c
0x000000000244ecc0:   0000000000000001 0000000000000001
0x000000000244ecd0:   000000000244ed80 000000000244ed80
0x000000000244ece0:   0000000000433ad8 0000000000000000
0x000000000244ecf0:   000000000244ed80 000007fee0d95e39
0x000000000244ed00:   0000000000361526 0000000000437830
0x000000000244ed10:   0000000000000000 0000000010040935
0x000000000244ed20:   0000000002456330 000007fee0d976bb
0x000000000244ed30:   000000000244ed80 000000000215b1d0
0x000000000244ed40:   0000000000000000 0000000000000000
0x000000000244ed50:   0000000000000000 000000001005a153
0x000000000244ed60:   0000000001731522 00000000000006af
0x000000000244ed70:   0000000000000000 000000006769584c
0x000000000244ed80:   0000000000451516 0000000000000100 

Instructions: (pc=0x000007fee0d5e9ae)
0x000007fee0d5e98e:   00 48 83 79 10 00 0f 84 87 00 00 00 48 8b 49 10
0x000007fee0d5e99e:   48 8b 01 ff 50 28 8b d8 85 c0 75 1d 48 8b 4f 08
0x000007fee0d5e9ae:   f6 81 88 02 00 00 40 0f 84 91 00 00 00 83 a1 88
0x000007fee0d5e9be:   02 00 00 bf 8d 58 01 eb 5a 83 f8 01 75 51 48 8b 


Register to memory mapping:

RAX=0x0000000000000000 is an unknown value
RBX=0x0000000000000000 is an unknown value
RCX=0x0000000000000000 is an unknown value
RDX=0x0000000000495700 is an unknown value
RSP=0x000000000244ec90 is pointing into the stack for thread: 0x000000000215b000
RBP=0x0000000000000000 is an unknown value
RSI=0x000000000244ed80 is pointing into the stack for thread: 0x000000000215b000
RDI=0x000000000048a048 is an unknown value
R8 =0x000004cd000e0001 is an unknown value
R9 =0x000004ce00460002 is an unknown value
R10=0x0000000000000000 is an unknown value
R11=0x000007fee220efd0 is an unknown value
R12=0x0000000000451516 is an unknown value
R13=0x0000000000000005 is an unknown value
R14=0x000000000244ee98 is pointing into the stack for thread: 0x000000000215b000
R15=0x000000000215b000 is a thread


Stack: [0x0000000002350000,0x0000000002450000],  sp=0x000000000244ec90,  free space=1019k
Native frames: (J=compiled Java code, j=interpreted, Vv=VM code, C=native code)
C  [ieframe.dll+0x1fe9ae]  Ordinal243+0x651e

[error occurred during error reporting (printing native stack), id 0xc0000005]

Java frames: (J=compiled Java code, j=interpreted, Vv=VM code)
j  org.eclipse.swt.internal.ole.win32.COM.VtblCall(IJLorg/eclipse/swt/internal/win32/MSG;)I+0
j  org.eclipse.swt.internal.ole.win32.IOleInPlaceActiveObject.TranslateAccelerator(Lorg/eclipse/swt/internal/win32/MSG;)I+6
j  org.eclipse.swt.ole.win32.OleFrame.translateOleAccelerator(Lorg/eclipse/swt/internal/win32/MSG;)Z+14
j  org.eclipse.swt.ole.win32.OleFrame.getMsgProc(JJJ)J+275
v  ~StubRoutines::call_stub
J  org.eclipse.swt.internal.win32.OS.PeekMessageW(Lorg/eclipse/swt/internal/win32/MSG;JIII)Z
J  org.eclipse.swt.widgets.Display.readAndDispatch()Z
j  com.RMK.MonTool.Main.main([Ljava/lang/String;)V+105
v  ~StubRoutines::call_stub

---------------  P R O C E S S  ---------------

Java Threads: ( => current thread )
  0x000000000647c000 JavaThread "Service Thread" daemon [_thread_blocked, id=11508, stack(0x00000000073e0000,0x00000000074e0000)]
  0x0000000006478000 JavaThread "C2 CompilerThread1" daemon [_thread_blocked, id=10924, stack(0x0000000006fa0000,0x00000000070a0000)]
  0x0000000006466000 JavaThread "C2 CompilerThread0" daemon [_thread_blocked, id=9880, stack(0x0000000007140000,0x0000000007240000)]
  0x000000000645f000 JavaThread "Attach Listener" daemon [_thread_blocked, id=8524, stack(0x0000000006e70000,0x0000000006f70000)]
  0x0000000006459800 JavaThread "Signal Dispatcher" daemon [_thread_blocked, id=11120, stack(0x0000000006bc0000,0x0000000006cc0000)]
  0x0000000002123800 JavaThread "Finalizer" daemon [_thread_blocked, id=9360, stack(0x0000000006d40000,0x0000000006e40000)]
  0x000000000211a800 JavaThread "Reference Handler" daemon [_thread_blocked, id=6860, stack(0x0000000006aa0000,0x0000000006ba0000)]
=>0x000000000215b000 JavaThread "main" [_thread_in_native, id=10512, stack(0x0000000002350000,0x0000000002450000)]

Other Threads:
  0x0000000002115000 VMThread [stack: 0x0000000006990000,0x0000000006a90000] [id=9996]
  0x000000000648c800 WatcherThread [stack: 0x0000000007610000,0x0000000007710000] [id=8668]

VM state:not at safepoint (normal execution)

VM Mutex/Monitor currently owned by a thread: None

Heap
 PSYoungGen      total 37952K, used 15189K [0x00000007d5ab0000, 0x00000007d8500000, 0x0000000800000000)
  eden space 32576K, 46% used [0x00000007d5ab0000,0x00000007d6985478,0x00000007d7a80000)
  from space 5376K, 0% used [0x00000007d7fc0000,0x00000007d7fc0000,0x00000007d8500000)
  to   space 5376K, 0% used [0x00000007d7a80000,0x00000007d7a80000,0x00000007d7fc0000)
 PSOldGen        total 86720K, used 0K [0x0000000781000000, 0x00000007864b0000, 0x00000007d5ab0000)
  object space 86720K, 0% used [0x0000000781000000,0x0000000781000000,0x00000007864b0000)
 PSPermGen       total 21248K, used 4511K [0x000000077be00000, 0x000000077d2c0000, 0x0000000781000000)
  object space 21248K, 21% used [0x000000077be00000,0x000000077c267e98,0x000000077d2c0000)

Code Cache  [0x0000000002450000, 0x00000000026c0000, 0x0000000005450000)
 total_blobs=480 nmethods=64 adapters=368 free_code_cache=48537Kb largest_free_block=49680832

Dynamic libraries:
0x000000013f3b0000 - 0x000000013f3e3000 	C:\Program Files\Java\jre7\bin\javaw.exe
0x0000000077310000 - 0x00000000774b9000 	C:\Windows\SYSTEM32\ntdll.dll
0x00000000770f0000 - 0x000000007720f000 	C:\Windows\system32\kernel32.dll
0x000007fefd3b0000 - 0x000007fefd41c000 	C:\Windows\system32\KERNELBASE.dll
0x000007fefdcc0000 - 0x000007fefdd9b000 	C:\Windows\system32\ADVAPI32.dll
0x000007fefdf80000 - 0x000007fefe01f000 	C:\Windows\system32\msvcrt.dll
0x000007fefd7c0000 - 0x000007fefd7df000 	C:\Windows\SYSTEM32\sechost.dll
0x000007feff220000 - 0x000007feff34d000 	C:\Windows\system32\RPCRT4.dll
0x0000000077210000 - 0x000000007730a000 	C:\Windows\system32\USER32.dll
0x000007fefdc50000 - 0x000007fefdcb7000 	C:\Windows\system32\GDI32.dll
0x000007feff350000 - 0x000007feff35e000 	C:\Windows\system32\LPK.dll
0x000007feff520000 - 0x000007feff5e9000 	C:\Windows\system32\USP10.dll
0x000007fefbea0000 - 0x000007fefc094000 	C:\Windows\WinSxS\amd64_microsoft.windows.common-controls_6595b64144ccf1df_6.0.7601.17514_none_fa396087175ac9ac\COMCTL32.dll
0x000007feff360000 - 0x000007feff3d1000 	C:\Windows\system32\SHLWAPI.dll
0x000007feff5f0000 - 0x000007feff61e000 	C:\Windows\system32\IMM32.DLL
0x000007fefd840000 - 0x000007fefd949000 	C:\Windows\system32\MSCTF.dll
0x000000006a7e0000 - 0x000000006a8b1000 	C:\Program Files\Java\jre7\bin\msvcr100.dll
0x00000000675a0000 - 0x0000000067c7a000 	C:\Program Files\Java\jre7\bin\server\jvm.dll
0x000007fef9e20000 - 0x000007fef9e29000 	C:\Windows\system32\WSOCK32.dll
0x000007fefd7f0000 - 0x000007fefd83d000 	C:\Windows\system32\WS2_32.dll
0x000007fefd7e0000 - 0x000007fefd7e8000 	C:\Windows\system32\NSI.dll
0x000007fefb530000 - 0x000007fefb56b000 	C:\Windows\system32\WINMM.dll
0x00000000774d0000 - 0x00000000774d7000 	C:\Windows\system32\PSAPI.DLL
0x0000000074ac0000 - 0x0000000074acf000 	C:\Program Files\Java\jre7\bin\verify.dll
0x000000006f0f0000 - 0x000000006f118000 	C:\Program Files\Java\jre7\bin\java.dll
0x000000006f130000 - 0x000000006f145000 	C:\Program Files\Java\jre7\bin\zip.dll
0x0000000010000000 - 0x00000000100a7000 	C:\Users\remake\.swt\lib\win32\x86_64\swt-win32-3740.dll
0x000007fefe020000 - 0x000007fefe223000 	C:\Windows\system32\ole32.dll
0x000007fefe230000 - 0x000007fefe307000 	C:\Windows\system32\OLEAUT32.dll
0x000007feff3e0000 - 0x000007feff477000 	C:\Windows\system32\comdlg32.dll
0x000007fefe490000 - 0x000007feff218000 	C:\Windows\system32\SHELL32.dll
0x000007fef3700000 - 0x000007fef3771000 	C:\Windows\system32\WINSPOOL.DRV
0x000007fefd630000 - 0x000007fefd75a000 	C:\Windows\system32\WININET.dll
0x000007fefe310000 - 0x000007fefe489000 	C:\Windows\system32\urlmon.dll
0x000007fefd460000 - 0x000007fefd5c7000 	C:\Windows\system32\CRYPT32.dll
0x000007fefd300000 - 0x000007fefd30f000 	C:\Windows\system32\MSASN1.dll
0x000007fefd950000 - 0x000007fefdbab000 	C:\Windows\system32\iertutil.dll
0x000007fefbe40000 - 0x000007fefbe96000 	C:\Windows\system32\uxtheme.dll
0x000007fef1e30000 - 0x000007fef1eaf000 	C:\Program Files\Common Files\microsoft shared\ink\tiptsf.dll
0x000007fefba70000 - 0x000007fefba7c000 	C:\Windows\system32\version.dll
0x000007fefaca0000 - 0x000007fefacb8000 	C:\Windows\system32\dwmapi.dll
0x000007fefd190000 - 0x000007fefd19f000 	C:\Windows\system32\CRYPTBASE.dll
0x000007fefb620000 - 0x000007fefb74c000 	C:\Windows\system32\propsys.dll
0x000007fefdbb0000 - 0x000007fefdc49000 	C:\Windows\system32\CLBCatQ.DLL
0x000007fee0b60000 - 0x000007fee1718000 	C:\Windows\System32\ieframe.dll
0x000007fefa6a0000 - 0x000007fefa6f4000 	C:\Windows\System32\OLEACC.dll
0x000007fefcc20000 - 0x000007fefcc37000 	C:\Windows\system32\CRYPTSP.dll
0x000007fefc830000 - 0x000007fefc877000 	C:\Windows\system32\rsaenh.dll
0x000007fefd1a0000 - 0x000007fefd231000 	C:\Windows\system32\SXS.DLL
0x000007fefd240000 - 0x000007fefd254000 	C:\Windows\system32\RpcRtRemote.dll
0x000007fefd130000 - 0x000007fefd187000 	C:\Windows\system32\apphelp.dll
0x000007fefd100000 - 0x000007fefd125000 	C:\Windows\system32\SspiCli.dll
0x000007fefd260000 - 0x000007fefd26f000 	C:\Windows\system32\profapi.dll
0x000007fefc950000 - 0x000007fefc9ab000 	C:\Windows\system32\dnsapi.DLL
0x000007fef9c50000 - 0x000007fef9c77000 	C:\Windows\system32\iphlpapi.DLL
0x000007fef9c40000 - 0x000007fef9c4b000 	C:\Windows\system32\WINNSI.DLL
0x000007fee1a40000 - 0x000007fee22df000 	C:\Windows\System32\mshtml.dll
0x000007fef9670000 - 0x000007fef96ab000 	C:\Windows\System32\msls31.dll
0x000007fefc390000 - 0x000007fefc3bd000 	C:\Windows\system32\ntmarta.dll
0x000007fefd760000 - 0x000007fefd7b2000 	C:\Windows\system32\WLDAP32.dll
0x000007fefb7e0000 - 0x000007fefb7ee000 	C:\Windows\system32\msimtf.dll
0x000007feea540000 - 0x000007feea57b000 	C:\Windows\system32\MLANG.dll
0x000007fefb750000 - 0x000007fefb79b000 	C:\Windows\system32\MMDevAPI.DLL
0x000007fefa980000 - 0x000007fefa9bb000 	C:\Windows\system32\wdmaud.drv
0x0000000074cc0000 - 0x0000000074cc6000 	C:\Windows\system32\ksuser.dll
0x000007fefb7d0000 - 0x000007fefb7d9000 	C:\Windows\system32\AVRT.dll
0x000007fefdda0000 - 0x000007fefdf77000 	C:\Windows\system32\SETUPAPI.dll
0x000007fefd5d0000 - 0x000007fefd606000 	C:\Windows\system32\CFGMGR32.dll
0x000007fefd610000 - 0x000007fefd62a000 	C:\Windows\system32\DEVOBJ.dll
0x000007fefa840000 - 0x000007fefa88f000 	C:\Windows\system32\AUDIOSES.DLL
0x000007fefa120000 - 0x000007fefa182000 	C:\Windows\system32\RASAPI32.dll
0x000007fefa100000 - 0x000007fefa11c000 	C:\Windows\system32\rasman.dll
0x000007fefa0e0000 - 0x000007fefa0f1000 	C:\Windows\system32\rtutils.dll
0x000007fef3af0000 - 0x000007fef3af9000 	C:\Windows\system32\sensapi.dll
0x000007fefa4f0000 - 0x000007fefa505000 	C:\Windows\system32\NLAapi.dll
0x000007fef54c0000 - 0x000007fef54c8000 	C:\Windows\system32\rasadhlp.dll
0x000007fef54e0000 - 0x000007fef54f5000 	C:\Windows\system32\napinsp.dll
0x000007fefcad0000 - 0x000007fefcb25000 	C:\Windows\system32\mswsock.dll
0x000007fef5500000 - 0x000007fef5519000 	C:\Windows\system32\pnrpnsp.dll
0x000007fef54d0000 - 0x000007fef54e0000 	C:\Windows\system32\wshbth.dll
0x000007fefc480000 - 0x000007fefc487000 	C:\Windows\System32\wshtcpip.dll
0x000007fef5210000 - 0x000007fef521b000 	C:\Windows\System32\winrnr.dll
0x00000000774e0000 - 0x00000000774e3000 	C:\Windows\system32\Normaliz.dll
0x000007fefcac0000 - 0x000007fefcac7000 	C:\Windows\System32\wship6.dll
0x000007fefa830000 - 0x000007fefa83a000 	C:\Windows\system32\msacm32.drv
0x000007fefa810000 - 0x000007fefa828000 	C:\Windows\system32\MSACM32.dll
0x000007fefa800000 - 0x000007fefa809000 	C:\Windows\system32\midimap.dll
0x000007fef2d80000 - 0x000007fef2d98000 	C:\Windows\System32\l3codeca.acm
0x000007fefac40000 - 0x000007fefac93000 	C:\Windows\System32\fwpuclnt.dll
0x000007fefc5a0000 - 0x000007fefc5be000 	C:\Windows\system32\USERENV.dll
0x000007fefd420000 - 0x000007fefd45a000 	C:\Windows\system32\wintrust.dll
0x000007fefc8c0000 - 0x000007fefc918000 	C:\Windows\system32\schannel.DLL
0x000007fefc6f0000 - 0x000007fefc6fa000 	C:\Windows\system32\credssp.dll
0x000007fefcf30000 - 0x000007fefcf3b000 	C:\Windows\system32\secur32.dll
0x000007fefccb0000 - 0x000007fefccfe000 	C:\Windows\system32\ncrypt.dll
0x000007fefcc80000 - 0x000007fefcca2000 	C:\Windows\system32\bcrypt.dll
0x000007fefc770000 - 0x000007fefc7bc000 	C:\Windows\system32\bcryptprimitives.dll
0x000007fefc580000 - 0x000007fefc59b000 	C:\Windows\system32\GPAPI.dll
0x000007fef4610000 - 0x000007fef4636000 	C:\Windows\system32\cryptnet.dll
0x000007feebbb0000 - 0x000007feebbcb000 	C:\Windows\system32\Cabinet.dll
0x000007fefc5c0000 - 0x000007fefc5d2000 	C:\Windows\system32\DEVRTL.dll
0x000007fef17f0000 - 0x000007fef18d3000 	C:\Windows\System32\jscript.dll
0x000007fefb320000 - 0x000007fefb372000 	C:\Windows\System32\Dxtrans.dll
0x000007fefb600000 - 0x000007fefb619000 	C:\Windows\System32\ATL.DLL
0x000007fefb4d0000 - 0x000007fefb4de000 	C:\Windows\system32\ddrawex.dll
0x000007fefad90000 - 0x000007fefae81000 	C:\Windows\system32\DDRAW.dll
0x000007fefb200000 - 0x000007fefb208000 	C:\Windows\system32\DCIMAN32.dll
0x0000000180000000 - 0x0000000180805000 	C:\Windows\system32\igdumd64.dll
0x000007fefb2a0000 - 0x000007fefb31d000 	C:\Windows\System32\Dxtmsft.dll
0x000007fef4480000 - 0x000007fef4491000 	C:\Windows\system32\ImgUtil.dll
0x000007fefb470000 - 0x000007fefb483000 	C:\Windows\System32\pngfilt.dll
0x000007fefaba0000 - 0x000007fefabd5000 	C:\Windows\system32\XmlLite.dll
0x000007fefabe0000 - 0x000007fefabe7000 	C:\Windows\system32\msimg32.dll
0x000007fee5510000 - 0x000007fee5583000 	C:\Program Files\Internet Explorer\ieproxy.dll
0x000007fef9cf0000 - 0x000007fef9e15000 	C:\Windows\system32\dbghelp.dll

VM Arguments:
jvm_args: -Djava.library.path=G:\CODE\WORKSPACE\SWT -Dfile.encoding=Cp1252 
java_command: com.RMK.MonTool.Main
Launcher Type: SUN_STANDARD

Environment Variables:
PATH=C:\Program Files\Broadcom\Broadcom 802.11;C:\Windows\system32;C:\Windows;C:\Windows\System32\Wbem;C:\Windows\System32\WindowsPowerShell\v1.0\;C:\Program Files\Java\jre6\bin;C:\strawberry\c\bin;C:\strawberry\perl\site\bin;C:\strawberry\perl\bin;C:\Program Files\TortoiseSVN\bin;C:\Python27;C:\Program Files (x86)\Heroku;C:\Program Files (x86)\git\bin;C:\Program Files (x86)\git\cmd;C:\Program Files\Java\jdk1.7.0_02\bin;C:\Users\remake\AppData\Roaming\npm;C:\Program Files (x86)\nodejs\;C:\Play20\;C:\Program Files (x86)\mosquitto;C:\Program Files (x86)\Microsoft SQL Server\100\Tools\Binn\;C:\Program Files\Microsoft SQL Server\100\Tools\Binn\;C:\Program Files\Microsoft SQL Server\100\DTS\Binn\;C:\Program Files (x86)\Safari;C:\Program Files (x86)\SproutCore\bin;C:\Program Files (x86)\Google\google_appengine\;C:\Program Files\scala\bin;C:\Program Files (x86)\Nmap
USERNAME=julli
OS=Windows_NT
PROCESSOR_IDENTIFIER=Intel64 Family 6 Model 42 Stepping 7, GenuineIntel



---------------  S Y S T E M  ---------------

OS: Windows 7 , 64 bit Build 7601 Service Pack 1

CPU:total 4 (2 cores per cpu, 2 threads per core) family 6 model 42 stepping 7, cmov, cx8, fxsr, mmx, sse, sse2, sse3, ssse3, sse4.1, sse4.2, popcnt, ht

Memory: 4k page, physical 8321392k(1926384k free), swap 16640936k(8473792k free)

vm_info: Java HotSpot(TM) 64-Bit Server VM (22.0-b10) for windows-amd64 JRE (1.7.0_02-b13), built on Nov 17 2011 13:51:15 by "java_re" with unknown MS VC++:1600

time: Thu Mar 22 10:30:28 2012
elapsed time: 102 seconds

